<?xml version="1.0" encoding="UTF-8"?>
<!-- Generated by org.testng.reporters.JUnitReportReporter -->
<testsuite hostname="LAPTOP-J82473UA" failures="0" tests="2" name="com.testng.DependsOnGroup" time="0.007" errors="0" timestamp="2020-09-15T11:53:48 IST" skipped="0">
  <testcase classname="com.testng.DependsOnGroup" name="logout" time="0.001"/>
  <system-out/>
  <testcase classname="com.testng.DependsOnGroup" name="login" time="0.006"/>
  <system-out/>
</testsuite> <!-- com.testng.DependsOnGroup -->
