<?xml version="1.0" encoding="UTF-8"?>
<!-- Generated by org.testng.reporters.JUnitReportReporter -->
<testsuite hostname="LAPTOP-J82473UA" failures="0" tests="3" name="com.testng.PriorityTestCase" time="0.004" errors="0" timestamp="2020-09-15T10:23:49 IST" skipped="0">
  <testcase classname="com.testng.PriorityTestCase" name="testCase3" time="0.001"/>
  <system-out/>
  <testcase classname="com.testng.PriorityTestCase" name="testCase1" time="0.002"/>
  <system-out/>
  <testcase classname="com.testng.PriorityTestCase" name="testCase2" time="0.001"/>
  <system-out/>
</testsuite> <!-- com.testng.PriorityTestCase -->
