<?xml version="1.0" encoding="UTF-8"?>
<!-- Generated by org.testng.reporters.JUnitReportReporter -->
<testsuite hostname="LAPTOP-J82473UA" failures="0" tests="2" name="com.testng.CrossBrowser" time="26.516" errors="0" timestamp="2020-09-15T14:15:50 IST" skipped="0">
  <testcase classname="com.testng.CrossBrowser" name="orangeHRM" time="12.974"/>
  <system-out/>
  <testcase classname="com.testng.CrossBrowser" name="orangeHRM" time="13.542"/>
  <system-out/>
</testsuite> <!-- com.testng.CrossBrowser -->
