<?xml version="1.0" encoding="UTF-8"?>
<!-- Generated by org.testng.reporters.JUnitReportReporter -->
<testsuite hostname="LAPTOP-J82473UA" failures="0" tests="1" name="com.seleniumtest.ExcelLogin" time="39.027" errors="0" timestamp="2020-09-15T16:54:16 IST" skipped="0">
  <testcase classname="com.seleniumtest.ExcelLogin" name="xyz" time="39.027"/>
  <system-out/>
</testsuite> <!-- com.seleniumtest.ExcelLogin -->
