<?xml version="1.0" encoding="UTF-8"?>
<!-- Generated by org.testng.reporters.JUnitReportReporter -->
<testsuite hostname="LAPTOP-J82473UA" failures="0" tests="3" name="com.testng.ParallelExecution1" time="0.012" errors="0" timestamp="2020-09-15T10:23:49 IST" skipped="0">
  <testcase classname="com.testng.ParallelExecution1" name="testCase4" time="0.008"/>
  <system-out/>
  <testcase classname="com.testng.ParallelExecution1" name="testCase6" time="0.002"/>
  <system-out/>
  <testcase classname="com.testng.ParallelExecution1" name="testCase5" time="0.002"/>
  <system-out/>
</testsuite> <!-- com.testng.ParallelExecution1 -->
